2025-09-04 14:23:14,429 [Worker-2: Loading available Gradle versions] INFO  o.e.b.c.i.u.g.PublishedGradleVersions - Gradle version information cache is not available. Remote download required.
2025-09-04 14:24:28,010 [Worker-0: Importing Maven projects] INFO  o.e.m.c.i.l.LifecycleMappingFactory - Using org.eclipse.m2e.jdt.JarLifecycleMapping lifecycle mapping for MavenProject: com.example:DiscoveryServices:0.0.1-SNAPSHOT @ C:\Hospital-management-BackEnd\Hospital-Management-Application\DiscoveryServices\pom.xml.
2025-09-04 14:24:35,656 [Worker-0: Importing Maven projects] INFO  o.e.m.j.i.AbstractJavaProjectConfigurator - Adding source folder /DiscoveryServices/src/main/java
2025-09-04 14:24:35,657 [Worker-0: Importing Maven projects] INFO  o.e.m.j.i.AbstractJavaProjectConfigurator - Adding resource folder /DiscoveryServices/src/main/resources
2025-09-04 14:24:35,670 [Worker-0: Importing Maven projects] INFO  o.e.m.j.i.AbstractJavaProjectConfigurator - Adding resource folder /DiscoveryServices/src/main/resources
2025-09-04 14:24:35,680 [Worker-0: Importing Maven projects] INFO  o.e.m.j.i.AbstractJavaProjectConfigurator - Adding source folder /DiscoveryServices/src/test/java
2025-09-04 14:24:35,681 [Worker-0: Importing Maven projects] INFO  o.e.m.j.i.AbstractJavaProjectConfigurator - Adding resource folder /DiscoveryServices/src/test/resources
2025-09-04 14:24:36,846 [Worker-0: Importing Maven projects] INFO  o.e.m.c.i.p.ProjectConfigurationManager - Imported and configured 1 project(s) in 13 sec
2025-09-04 14:24:37,243 [Worker-0: Updating Maven Project] INFO  o.e.m.c.i.p.ProjectConfigurationManager - Update started
2025-09-04 14:24:37,882 [Worker-0: Updating Maven Project] INFO  o.e.m.c.i.l.LifecycleMappingFactory - Using org.eclipse.m2e.jdt.JarLifecycleMapping lifecycle mapping for MavenProject: com.example:DiscoveryServices:0.0.1-SNAPSHOT @ C:\Hospital-management-BackEnd\Hospital-Management-Application\DiscoveryServices\pom.xml.
2025-09-04 14:24:39,308 [Worker-0: Updating Maven Project] INFO  o.e.m.j.i.AbstractJavaProjectConfigurator - Adding source folder /DiscoveryServices/src/main/java
2025-09-04 14:24:39,309 [Worker-0: Updating Maven Project] INFO  o.e.m.j.i.AbstractJavaProjectConfigurator - Adding resource folder /DiscoveryServices/src/main/resources
2025-09-04 14:24:39,309 [Worker-0: Updating Maven Project] INFO  o.e.m.j.i.AbstractJavaProjectConfigurator - Adding resource folder /DiscoveryServices/src/main/resources
2025-09-04 14:24:39,310 [Worker-0: Updating Maven Project] INFO  o.e.m.j.i.AbstractJavaProjectConfigurator - Adding source folder /DiscoveryServices/src/test/java
2025-09-04 14:24:39,311 [Worker-0: Updating Maven Project] INFO  o.e.m.j.i.AbstractJavaProjectConfigurator - Adding resource folder /DiscoveryServices/src/test/resources
2025-09-04 14:24:39,959 [Worker-0: Updating Maven Project] INFO  o.e.m.c.i.p.ProjectConfigurationManager - Update completed for 1 poms: local refresh takes 0.00 sec, refresh facades takes 1.00 sec, update config takes 0.00 sec 
2025-09-04 14:24:41,531 [Worker-4: Building] INFO  o.a.m.s.f.DefaultMavenResourcesFiltering - Copying 1 resource from src\main\resources to target\classes
2025-09-04 14:24:41,576 [Worker-4: Building] INFO  o.a.m.s.f.DefaultMavenResourcesFiltering - Copying 0 resource from src\main\resources to target\classes
2025-09-04 14:24:41,583 [Worker-4: Building] INFO  o.a.m.s.f.DefaultMavenResourcesFiltering - skip non existing resourceDirectory C:\Hospital-management-BackEnd\Hospital-Management-Application\DiscoveryServices\src\test\resources
2025-09-04 14:25:14,715 [Worker-9: Importing Maven projects] INFO  o.e.m.c.i.l.LifecycleMappingFactory - Using org.eclipse.m2e.jdt.JarLifecycleMapping lifecycle mapping for MavenProject: com.example:Config-Server:0.0.1-SNAPSHOT @ C:\Hospital-management-BackEnd\Hospital-Management-Application\Config-Server\pom.xml.
2025-09-04 14:25:16,517 [Worker-9: Importing Maven projects] INFO  o.e.m.j.i.AbstractJavaProjectConfigurator - Adding source folder /Config-Server/src/main/java
2025-09-04 14:25:16,518 [Worker-9: Importing Maven projects] INFO  o.e.m.j.i.AbstractJavaProjectConfigurator - Adding resource folder /Config-Server/src/main/resources
2025-09-04 14:25:16,523 [Worker-9: Importing Maven projects] INFO  o.e.m.j.i.AbstractJavaProjectConfigurator - Adding resource folder /Config-Server/src/main/resources
2025-09-04 14:25:16,527 [Worker-9: Importing Maven projects] INFO  o.e.m.j.i.AbstractJavaProjectConfigurator - Adding source folder /Config-Server/src/test/java
2025-09-04 14:25:16,528 [Worker-9: Importing Maven projects] INFO  o.e.m.j.i.AbstractJavaProjectConfigurator - Adding resource folder /Config-Server/src/test/resources
2025-09-04 14:25:17,310 [Worker-9: Importing Maven projects] INFO  o.e.m.c.i.p.ProjectConfigurationManager - Imported and configured 1 project(s) in 3 sec
2025-09-04 14:25:17,780 [Worker-4: Building] INFO  o.a.m.s.f.DefaultMavenResourcesFiltering - Copying 1 resource from src\main\resources to target\classes
2025-09-04 14:25:17,807 [Worker-4: Building] INFO  o.a.m.s.f.DefaultMavenResourcesFiltering - Copying 0 resource from src\main\resources to target\classes
2025-09-04 14:25:17,812 [Worker-4: Building] INFO  o.a.m.s.f.DefaultMavenResourcesFiltering - skip non existing resourceDirectory C:\Hospital-management-BackEnd\Hospital-Management-Application\Config-Server\src\test\resources
2025-09-04 14:25:42,720 [Worker-9: Importing Maven projects] INFO  o.e.m.c.i.l.LifecycleMappingFactory - Using org.eclipse.m2e.jdt.JarLifecycleMapping lifecycle mapping for MavenProject: com.example:API-GateWay:0.0.1-SNAPSHOT @ C:\Hospital-management-BackEnd\Hospital-Management-Application\API-GateWay\pom.xml.
2025-09-04 14:25:44,456 [Worker-9: Importing Maven projects] INFO  o.e.m.j.i.AbstractJavaProjectConfigurator - Adding source folder /API-GateWay/src/main/java
2025-09-04 14:25:44,456 [Worker-9: Importing Maven projects] INFO  o.e.m.j.i.AbstractJavaProjectConfigurator - Adding resource folder /API-GateWay/src/main/resources
2025-09-04 14:25:44,461 [Worker-9: Importing Maven projects] INFO  o.e.m.j.i.AbstractJavaProjectConfigurator - Adding resource folder /API-GateWay/src/main/resources
2025-09-04 14:25:44,465 [Worker-9: Importing Maven projects] INFO  o.e.m.j.i.AbstractJavaProjectConfigurator - Adding source folder /API-GateWay/src/test/java
2025-09-04 14:25:44,466 [Worker-9: Importing Maven projects] INFO  o.e.m.j.i.AbstractJavaProjectConfigurator - Adding resource folder /API-GateWay/src/test/resources
2025-09-04 14:25:44,960 [Worker-9: Importing Maven projects] INFO  o.e.m.c.i.p.ProjectConfigurationManager - Imported and configured 1 project(s) in 2 sec
2025-09-04 14:25:46,167 [Worker-8: Building] INFO  o.a.m.s.f.DefaultMavenResourcesFiltering - Copying 1 resource from src\main\resources to target\classes
2025-09-04 14:25:46,190 [Worker-8: Building] INFO  o.a.m.s.f.DefaultMavenResourcesFiltering - Copying 0 resource from src\main\resources to target\classes
2025-09-04 14:25:46,196 [Worker-8: Building] INFO  o.a.m.s.f.DefaultMavenResourcesFiltering - skip non existing resourceDirectory C:\Hospital-management-BackEnd\Hospital-Management-Application\API-GateWay\src\test\resources
2025-09-04 14:26:05,980 [Worker-8: Importing Maven projects] INFO  o.e.m.c.i.l.LifecycleMappingFactory - Using org.eclipse.m2e.jdt.JarLifecycleMapping lifecycle mapping for MavenProject: com.surya:Doctor-Service:0.0.1-SNAPSHOT @ C:\Hospital-management-BackEnd\Hospital-Management-Application\Doctor-Service\pom.xml.
2025-09-04 14:26:10,074 [Worker-8: Importing Maven projects] INFO  o.e.m.j.i.AbstractJavaProjectConfigurator - Adding source folder /Doctor-Service/src/main/java
2025-09-04 14:26:10,075 [Worker-8: Importing Maven projects] INFO  o.e.m.j.i.AbstractJavaProjectConfigurator - Adding resource folder /Doctor-Service/src/main/resources
2025-09-04 14:26:10,078 [Worker-8: Importing Maven projects] INFO  o.e.m.j.i.AbstractJavaProjectConfigurator - Adding resource folder /Doctor-Service/src/main/resources
2025-09-04 14:26:10,081 [Worker-8: Importing Maven projects] INFO  o.e.m.j.i.AbstractJavaProjectConfigurator - Adding source folder /Doctor-Service/src/test/java
2025-09-04 14:26:10,082 [Worker-8: Importing Maven projects] INFO  o.e.m.j.i.AbstractJavaProjectConfigurator - Adding resource folder /Doctor-Service/src/test/resources
2025-09-04 14:26:12,820 [Worker-8: Importing Maven projects] INFO  o.e.m.c.i.p.ProjectConfigurationManager - Imported and configured 1 project(s) in 7 sec
2025-09-04 14:26:13,721 [Worker-10: Building] INFO  o.a.m.s.f.DefaultMavenResourcesFiltering - Copying 1 resource from src\main\resources to target\classes
2025-09-04 14:26:13,751 [Worker-10: Building] INFO  o.a.m.s.f.DefaultMavenResourcesFiltering - Copying 0 resource from src\main\resources to target\classes
2025-09-04 14:26:13,758 [Worker-10: Building] INFO  o.a.m.s.f.DefaultMavenResourcesFiltering - skip non existing resourceDirectory C:\Hospital-management-BackEnd\Hospital-Management-Application\Doctor-Service\src\test\resources
2025-09-04 14:26:31,757 [Worker-2: Importing Maven projects] INFO  o.e.m.c.i.l.LifecycleMappingFactory - Using org.eclipse.m2e.jdt.JarLifecycleMapping lifecycle mapping for MavenProject: com.surya:Patience-Service:0.0.1-SNAPSHOT @ C:\Hospital-management-BackEnd\Hospital-Management-Application\Patience-Service\pom.xml.
2025-09-04 14:26:32,530 [Worker-2: Importing Maven projects] INFO  o.e.m.j.i.AbstractJavaProjectConfigurator - Adding source folder /Patience-Service/src/main/java
2025-09-04 14:26:32,531 [Worker-2: Importing Maven projects] INFO  o.e.m.j.i.AbstractJavaProjectConfigurator - Adding resource folder /Patience-Service/src/main/resources
2025-09-04 14:26:32,535 [Worker-2: Importing Maven projects] INFO  o.e.m.j.i.AbstractJavaProjectConfigurator - Adding resource folder /Patience-Service/src/main/resources
2025-09-04 14:26:32,539 [Worker-2: Importing Maven projects] INFO  o.e.m.j.i.AbstractJavaProjectConfigurator - Adding source folder /Patience-Service/src/test/java
2025-09-04 14:26:32,539 [Worker-2: Importing Maven projects] INFO  o.e.m.j.i.AbstractJavaProjectConfigurator - Adding resource folder /Patience-Service/src/test/resources
2025-09-04 14:26:32,895 [Worker-2: Importing Maven projects] INFO  o.e.m.c.i.p.ProjectConfigurationManager - Imported and configured 1 project(s) in 1 sec
2025-09-04 14:26:33,526 [Worker-7: Building] INFO  o.a.m.s.f.DefaultMavenResourcesFiltering - Copying 1 resource from src\main\resources to target\classes
2025-09-04 14:26:33,553 [Worker-7: Building] INFO  o.a.m.s.f.DefaultMavenResourcesFiltering - Copying 0 resource from src\main\resources to target\classes
2025-09-04 14:26:33,559 [Worker-7: Building] INFO  o.a.m.s.f.DefaultMavenResourcesFiltering - skip non existing resourceDirectory C:\Hospital-management-BackEnd\Hospital-Management-Application\Patience-Service\src\test\resources
2025-09-04 14:26:55,052 [Worker-7: Importing Maven projects] INFO  o.e.m.c.i.l.LifecycleMappingFactory - Using org.eclipse.m2e.jdt.JarLifecycleMapping lifecycle mapping for MavenProject: com.surya:Appointment-Service:0.0.1-SNAPSHOT @ C:\Hospital-management-BackEnd\Hospital-Management-Application\Appointment-Service\pom.xml.
2025-09-04 14:26:55,861 [Worker-7: Importing Maven projects] INFO  o.e.m.j.i.AbstractJavaProjectConfigurator - Adding source folder /Appointment-Service/src/main/java
2025-09-04 14:26:55,861 [Worker-7: Importing Maven projects] INFO  o.e.m.j.i.AbstractJavaProjectConfigurator - Adding resource folder /Appointment-Service/src/main/resources
2025-09-04 14:26:55,864 [Worker-7: Importing Maven projects] INFO  o.e.m.j.i.AbstractJavaProjectConfigurator - Adding resource folder /Appointment-Service/src/main/resources
2025-09-04 14:26:55,868 [Worker-7: Importing Maven projects] INFO  o.e.m.j.i.AbstractJavaProjectConfigurator - Adding source folder /Appointment-Service/src/test/java
2025-09-04 14:26:55,869 [Worker-7: Importing Maven projects] INFO  o.e.m.j.i.AbstractJavaProjectConfigurator - Adding resource folder /Appointment-Service/src/test/resources
2025-09-04 14:26:56,367 [Worker-7: Importing Maven projects] INFO  o.e.m.c.i.p.ProjectConfigurationManager - Imported and configured 1 project(s) in 1 sec
2025-09-04 14:26:56,785 [Worker-2: Building] INFO  o.a.m.s.f.DefaultMavenResourcesFiltering - Copying 1 resource from src\main\resources to target\classes
2025-09-04 14:26:56,810 [Worker-2: Building] INFO  o.a.m.s.f.DefaultMavenResourcesFiltering - Copying 0 resource from src\main\resources to target\classes
2025-09-04 14:26:56,813 [Worker-2: Building] INFO  o.a.m.s.f.DefaultMavenResourcesFiltering - skip non existing resourceDirectory C:\Hospital-management-BackEnd\Hospital-Management-Application\Appointment-Service\src\test\resources
2025-09-04 14:27:15,418 [Worker-9: Importing Maven projects] INFO  o.e.m.c.i.l.LifecycleMappingFactory - Using org.eclipse.m2e.jdt.JarLifecycleMapping lifecycle mapping for MavenProject: com.surya:MedicalRecords-Service:0.0.1-SNAPSHOT @ C:\Hospital-management-BackEnd\Hospital-Management-Application\MedicalRecords-Service\pom.xml.
2025-09-04 14:27:16,285 [Worker-9: Importing Maven projects] INFO  o.e.m.j.i.AbstractJavaProjectConfigurator - Adding source folder /MedicalRecords-Service/src/main/java
2025-09-04 14:27:16,286 [Worker-9: Importing Maven projects] INFO  o.e.m.j.i.AbstractJavaProjectConfigurator - Adding resource folder /MedicalRecords-Service/src/main/resources
2025-09-04 14:27:16,289 [Worker-9: Importing Maven projects] INFO  o.e.m.j.i.AbstractJavaProjectConfigurator - Adding resource folder /MedicalRecords-Service/src/main/resources
2025-09-04 14:27:16,292 [Worker-9: Importing Maven projects] INFO  o.e.m.j.i.AbstractJavaProjectConfigurator - Adding source folder /MedicalRecords-Service/src/test/java
2025-09-04 14:27:16,293 [Worker-9: Importing Maven projects] INFO  o.e.m.j.i.AbstractJavaProjectConfigurator - Adding resource folder /MedicalRecords-Service/src/test/resources
2025-09-04 14:27:16,688 [Worker-9: Importing Maven projects] INFO  o.e.m.c.i.p.ProjectConfigurationManager - Imported and configured 1 project(s) in 1 sec
2025-09-04 14:27:17,210 [Worker-4: Building] INFO  o.a.m.s.f.DefaultMavenResourcesFiltering - Copying 1 resource from src\main\resources to target\classes
2025-09-04 14:27:17,236 [Worker-4: Building] INFO  o.a.m.s.f.DefaultMavenResourcesFiltering - Copying 0 resource from src\main\resources to target\classes
2025-09-04 14:27:17,240 [Worker-4: Building] INFO  o.a.m.s.f.DefaultMavenResourcesFiltering - skip non existing resourceDirectory C:\Hospital-management-BackEnd\Hospital-Management-Application\MedicalRecords-Service\src\test\resources
2025-09-04 14:27:53,317 [Worker-1: Importing Maven projects] INFO  o.e.m.c.i.l.LifecycleMappingFactory - Using org.eclipse.m2e.jdt.JarLifecycleMapping lifecycle mapping for MavenProject: com.surya:Payment-Service:0.0.1-SNAPSHOT @ C:\Hospital-management-BackEnd\Hospital-Management-Application\Payment-Service\pom.xml.
2025-09-04 14:27:54,332 [Worker-1: Importing Maven projects] INFO  o.e.m.j.i.AbstractJavaProjectConfigurator - Adding source folder /Payment-Service/src/main/java
2025-09-04 14:27:54,333 [Worker-1: Importing Maven projects] INFO  o.e.m.j.i.AbstractJavaProjectConfigurator - Adding resource folder /Payment-Service/src/main/resources
2025-09-04 14:27:54,336 [Worker-1: Importing Maven projects] INFO  o.e.m.j.i.AbstractJavaProjectConfigurator - Adding resource folder /Payment-Service/src/main/resources
2025-09-04 14:27:54,339 [Worker-1: Importing Maven projects] INFO  o.e.m.j.i.AbstractJavaProjectConfigurator - Adding source folder /Payment-Service/src/test/java
2025-09-04 14:27:54,341 [Worker-1: Importing Maven projects] INFO  o.e.m.j.i.AbstractJavaProjectConfigurator - Adding resource folder /Payment-Service/src/test/resources
2025-09-04 14:27:54,946 [Worker-1: Importing Maven projects] INFO  o.e.m.c.i.p.ProjectConfigurationManager - Imported and configured 1 project(s) in 1 sec
2025-09-04 14:27:55,441 [Worker-5: Building] INFO  o.a.m.s.f.DefaultMavenResourcesFiltering - Copying 1 resource from src\main\resources to target\classes
2025-09-04 14:27:55,463 [Worker-5: Building] INFO  o.a.m.s.f.DefaultMavenResourcesFiltering - Copying 0 resource from src\main\resources to target\classes
2025-09-04 14:27:55,467 [Worker-5: Building] INFO  o.a.m.s.f.DefaultMavenResourcesFiltering - skip non existing resourceDirectory C:\Hospital-management-BackEnd\Hospital-Management-Application\Payment-Service\src\test\resources
2025-09-04 14:28:27,084 [Worker-6: Importing Maven projects] INFO  o.e.m.c.i.l.LifecycleMappingFactory - Using org.eclipse.m2e.jdt.JarLifecycleMapping lifecycle mapping for MavenProject: com.surya:UserAuth-Server:0.0.1-SNAPSHOT @ C:\Hospital-management-BackEnd\Hospital-Management-Application\UserAuth-Server\pom.xml.
2025-09-04 14:28:28,191 [Worker-6: Importing Maven projects] INFO  o.e.m.j.i.AbstractJavaProjectConfigurator - Adding source folder /UserAuth-Server/src/main/java
2025-09-04 14:28:28,192 [Worker-6: Importing Maven projects] INFO  o.e.m.j.i.AbstractJavaProjectConfigurator - Adding resource folder /UserAuth-Server/src/main/resources
2025-09-04 14:28:28,195 [Worker-6: Importing Maven projects] INFO  o.e.m.j.i.AbstractJavaProjectConfigurator - Adding resource folder /UserAuth-Server/src/main/resources
2025-09-04 14:28:28,199 [Worker-6: Importing Maven projects] INFO  o.e.m.j.i.AbstractJavaProjectConfigurator - Adding source folder /UserAuth-Server/src/test/java
2025-09-04 14:28:28,200 [Worker-6: Importing Maven projects] INFO  o.e.m.j.i.AbstractJavaProjectConfigurator - Adding resource folder /UserAuth-Server/src/test/resources
2025-09-04 14:28:28,835 [Worker-6: Importing Maven projects] INFO  o.e.m.c.i.p.ProjectConfigurationManager - Imported and configured 1 project(s) in 2 sec
2025-09-04 14:28:29,707 [Worker-8: Building] INFO  o.a.m.s.f.DefaultMavenResourcesFiltering - Copying 1 resource from src\main\resources to target\classes
2025-09-04 14:28:29,733 [Worker-8: Building] INFO  o.a.m.s.f.DefaultMavenResourcesFiltering - Copying 0 resource from src\main\resources to target\classes
2025-09-04 14:28:29,738 [Worker-8: Building] INFO  o.a.m.s.f.DefaultMavenResourcesFiltering - skip non existing resourceDirectory C:\Hospital-management-BackEnd\Hospital-Management-Application\UserAuth-Server\src\test\resources
2025-09-04 14:28:52,236 [Worker-6: Importing Maven projects] INFO  o.e.m.c.i.l.LifecycleMappingFactory - Using org.eclipse.m2e.jdt.JarLifecycleMapping lifecycle mapping for MavenProject: com.surya:Email-Service:0.0.1-SNAPSHOT @ C:\Hospital-management-BackEnd\Hospital-Management-Application\Email-Service\pom.xml.
2025-09-04 14:28:53,244 [Worker-6: Importing Maven projects] INFO  o.e.m.j.i.AbstractJavaProjectConfigurator - Adding source folder /Email-Service/src/main/java
2025-09-04 14:28:53,244 [Worker-6: Importing Maven projects] INFO  o.e.m.j.i.AbstractJavaProjectConfigurator - Adding resource folder /Email-Service/src/main/resources
2025-09-04 14:28:53,247 [Worker-6: Importing Maven projects] INFO  o.e.m.j.i.AbstractJavaProjectConfigurator - Adding resource folder /Email-Service/src/main/resources
2025-09-04 14:28:53,250 [Worker-6: Importing Maven projects] INFO  o.e.m.j.i.AbstractJavaProjectConfigurator - Adding source folder /Email-Service/src/test/java
2025-09-04 14:28:53,251 [Worker-6: Importing Maven projects] INFO  o.e.m.j.i.AbstractJavaProjectConfigurator - Adding resource folder /Email-Service/src/test/resources
2025-09-04 14:28:53,889 [Worker-6: Importing Maven projects] INFO  o.e.m.c.i.p.ProjectConfigurationManager - Imported and configured 1 project(s) in 1 sec
2025-09-04 14:28:54,309 [Worker-7: Building] INFO  o.a.m.s.f.DefaultMavenResourcesFiltering - Copying 1 resource from src\main\resources to target\classes
2025-09-04 14:28:54,334 [Worker-7: Building] INFO  o.a.m.s.f.DefaultMavenResourcesFiltering - Copying 0 resource from src\main\resources to target\classes
2025-09-04 14:28:54,338 [Worker-7: Building] INFO  o.a.m.s.f.DefaultMavenResourcesFiltering - skip non existing resourceDirectory C:\Hospital-management-BackEnd\Hospital-Management-Application\Email-Service\src\test\resources
2025-09-04 14:31:25,618 [Worker-6: Building] INFO  o.a.m.s.f.DefaultMavenResourcesFiltering - Copying 1 resource from src\main\resources to target\classes
2025-09-04 14:31:25,625 [Worker-6: Building] INFO  o.a.m.s.f.DefaultMavenResourcesFiltering - Copying 0 resource from src\main\resources to target\classes
2025-09-04 14:31:25,627 [Worker-6: Building] INFO  o.a.m.s.f.DefaultMavenResourcesFiltering - skip non existing resourceDirectory C:\Hospital-management-BackEnd\Hospital-Management-Application\Patience-Service\src\test\resources
2025-09-04 14:31:46,966 [Worker-8: Building] INFO  o.a.m.s.f.DefaultMavenResourcesFiltering - Copying 1 resource from src\main\resources to target\classes
2025-09-04 14:31:46,972 [Worker-8: Building] INFO  o.a.m.s.f.DefaultMavenResourcesFiltering - Copying 0 resource from src\main\resources to target\classes
2025-09-04 14:31:46,975 [Worker-8: Building] INFO  o.a.m.s.f.DefaultMavenResourcesFiltering - skip non existing resourceDirectory C:\Hospital-management-BackEnd\Hospital-Management-Application\Doctor-Service\src\test\resources
2025-09-04 14:32:01,439 [Worker-0: Building] INFO  o.a.m.s.f.DefaultMavenResourcesFiltering - Copying 1 resource from src\main\resources to target\classes
2025-09-04 14:32:01,449 [Worker-0: Building] INFO  o.a.m.s.f.DefaultMavenResourcesFiltering - Copying 0 resource from src\main\resources to target\classes
2025-09-04 14:32:01,452 [Worker-0: Building] INFO  o.a.m.s.f.DefaultMavenResourcesFiltering - skip non existing resourceDirectory C:\Hospital-management-BackEnd\Hospital-Management-Application\Appointment-Service\src\test\resources
2025-09-04 14:32:21,198 [Worker-3: Building] INFO  o.a.m.s.f.DefaultMavenResourcesFiltering - Copying 1 resource from src\main\resources to target\classes
2025-09-04 14:32:21,203 [Worker-3: Building] INFO  o.a.m.s.f.DefaultMavenResourcesFiltering - Copying 0 resource from src\main\resources to target\classes
2025-09-04 14:32:21,206 [Worker-3: Building] INFO  o.a.m.s.f.DefaultMavenResourcesFiltering - skip non existing resourceDirectory C:\Hospital-management-BackEnd\Hospital-Management-Application\MedicalRecords-Service\src\test\resources
2025-09-04 14:34:10,820 [Worker-8: Building] INFO  o.a.m.s.f.DefaultMavenResourcesFiltering - Copying 1 resource from src\main\resources to target\classes
2025-09-04 14:34:10,825 [Worker-8: Building] INFO  o.a.m.s.f.DefaultMavenResourcesFiltering - Copying 0 resource from src\main\resources to target\classes
2025-09-04 14:34:10,827 [Worker-8: Building] INFO  o.a.m.s.f.DefaultMavenResourcesFiltering - skip non existing resourceDirectory C:\Hospital-management-BackEnd\Hospital-Management-Application\Email-Service\src\test\resources
2025-09-04 14:34:29,972 [Worker-5: Building] INFO  o.a.m.s.f.DefaultMavenResourcesFiltering - Copying 1 resource from src\main\resources to target\classes
2025-09-04 14:34:29,984 [Worker-5: Building] INFO  o.a.m.s.f.DefaultMavenResourcesFiltering - Copying 0 resource from src\main\resources to target\classes
2025-09-04 14:34:29,988 [Worker-5: Building] INFO  o.a.m.s.f.DefaultMavenResourcesFiltering - skip non existing resourceDirectory C:\Hospital-management-BackEnd\Hospital-Management-Application\UserAuth-Server\src\test\resources
2025-09-04 14:40:27,911 [Worker-5: Launching Executing clean in C__Hospital-management-BackEnd_Hospital-Management-Application_Config-Server] INFO  o.eclipse.m2e.core.internal.Bundles - getClasspathEntries(Bundle=org.eclipse.m2e.maven.runtime_3.9.900.20250220-2013 [364])
2025-09-04 14:40:27,916 [Worker-5: Launching Executing clean in C__Hospital-management-BackEnd_Hospital-Management-Application_Config-Server] INFO  o.eclipse.m2e.core.internal.Bundles - 	Entry: C:\STS\sts-4.31.0.RELEASE\plugins\org.eclipse.m2e.maven.runtime_3.9.900.20250220-2013
2025-09-04 14:40:27,916 [Worker-5: Launching Executing clean in C__Hospital-management-BackEnd_Hospital-Management-Application_Config-Server] INFO  o.eclipse.m2e.core.internal.Bundles - 	Entry: C:\STS\sts-4.31.0.RELEASE\plugins\org.eclipse.m2e.maven.runtime_3.9.900.20250220-2013\jars\aopalliance-1.0.jar
2025-09-04 14:40:27,916 [Worker-5: Launching Executing clean in C__Hospital-management-BackEnd_Hospital-Management-Application_Config-Server] INFO  o.eclipse.m2e.core.internal.Bundles - 	Entry: C:\STS\sts-4.31.0.RELEASE\plugins\org.eclipse.m2e.maven.runtime_3.9.900.20250220-2013\jars\guice-5.1.0.jar
2025-09-04 14:40:27,916 [Worker-5: Launching Executing clean in C__Hospital-management-BackEnd_Hospital-Management-Application_Config-Server] INFO  o.eclipse.m2e.core.internal.Bundles - 	Entry: C:\STS\sts-4.31.0.RELEASE\plugins\org.eclipse.m2e.maven.runtime_3.9.900.20250220-2013\jars\httpclient-4.5.14.jar
2025-09-04 14:40:27,917 [Worker-5: Launching Executing clean in C__Hospital-management-BackEnd_Hospital-Management-Application_Config-Server] INFO  o.eclipse.m2e.core.internal.Bundles - 	Entry: C:\STS\sts-4.31.0.RELEASE\plugins\org.eclipse.m2e.maven.runtime_3.9.900.20250220-2013\jars\httpcore-4.4.16.jar
2025-09-04 14:40:27,917 [Worker-5: Launching Executing clean in C__Hospital-management-BackEnd_Hospital-Management-Application_Config-Server] INFO  o.eclipse.m2e.core.internal.Bundles - 	Entry: C:\STS\sts-4.31.0.RELEASE\plugins\org.eclipse.m2e.maven.runtime_3.9.900.20250220-2013\jars\jansi-2.4.1.jar
2025-09-04 14:40:27,917 [Worker-5: Launching Executing clean in C__Hospital-management-BackEnd_Hospital-Management-Application_Config-Server] INFO  o.eclipse.m2e.core.internal.Bundles - 	Entry: C:\STS\sts-4.31.0.RELEASE\plugins\org.eclipse.m2e.maven.runtime_3.9.900.20250220-2013\jars\jcl-over-slf4j-1.7.36.jar
2025-09-04 14:40:27,917 [Worker-5: Launching Executing clean in C__Hospital-management-BackEnd_Hospital-Management-Application_Config-Server] INFO  o.eclipse.m2e.core.internal.Bundles - 	Entry: C:\STS\sts-4.31.0.RELEASE\plugins\org.eclipse.m2e.maven.runtime_3.9.900.20250220-2013\jars\maven-artifact-3.9.9.jar
2025-09-04 14:40:27,917 [Worker-5: Launching Executing clean in C__Hospital-management-BackEnd_Hospital-Management-Application_Config-Server] INFO  o.eclipse.m2e.core.internal.Bundles - 	Entry: C:\STS\sts-4.31.0.RELEASE\plugins\org.eclipse.m2e.maven.runtime_3.9.900.20250220-2013\jars\maven-builder-support-3.9.9.jar
2025-09-04 14:40:27,918 [Worker-5: Launching Executing clean in C__Hospital-management-BackEnd_Hospital-Management-Application_Config-Server] INFO  o.eclipse.m2e.core.internal.Bundles - 	Entry: C:\STS\sts-4.31.0.RELEASE\plugins\org.eclipse.m2e.maven.runtime_3.9.900.20250220-2013\jars\maven-compat-3.9.9.jar
2025-09-04 14:40:27,918 [Worker-5: Launching Executing clean in C__Hospital-management-BackEnd_Hospital-Management-Application_Config-Server] INFO  o.eclipse.m2e.core.internal.Bundles - 	Entry: C:\STS\sts-4.31.0.RELEASE\plugins\org.eclipse.m2e.maven.runtime_3.9.900.20250220-2013\jars\maven-core-3.9.9.jar
2025-09-04 14:40:27,918 [Worker-5: Launching Executing clean in C__Hospital-management-BackEnd_Hospital-Management-Application_Config-Server] INFO  o.eclipse.m2e.core.internal.Bundles - 	Entry: C:\STS\sts-4.31.0.RELEASE\plugins\org.eclipse.m2e.maven.runtime_3.9.900.20250220-2013\jars\maven-embedder-3.9.9.jar
2025-09-04 14:40:27,918 [Worker-5: Launching Executing clean in C__Hospital-management-BackEnd_Hospital-Management-Application_Config-Server] INFO  o.eclipse.m2e.core.internal.Bundles - 	Entry: C:\STS\sts-4.31.0.RELEASE\plugins\org.eclipse.m2e.maven.runtime_3.9.900.20250220-2013\jars\maven-model-3.9.9.jar
2025-09-04 14:40:27,918 [Worker-5: Launching Executing clean in C__Hospital-management-BackEnd_Hospital-Management-Application_Config-Server] INFO  o.eclipse.m2e.core.internal.Bundles - 	Entry: C:\STS\sts-4.31.0.RELEASE\plugins\org.eclipse.m2e.maven.runtime_3.9.900.20250220-2013\jars\maven-model-builder-3.9.9.jar
2025-09-04 14:40:27,918 [Worker-5: Launching Executing clean in C__Hospital-management-BackEnd_Hospital-Management-Application_Config-Server] INFO  o.eclipse.m2e.core.internal.Bundles - 	Entry: C:\STS\sts-4.31.0.RELEASE\plugins\org.eclipse.m2e.maven.runtime_3.9.900.20250220-2013\jars\maven-plugin-api-3.9.9.jar
2025-09-04 14:40:27,919 [Worker-5: Launching Executing clean in C__Hospital-management-BackEnd_Hospital-Management-Application_Config-Server] INFO  o.eclipse.m2e.core.internal.Bundles - 	Entry: C:\STS\sts-4.31.0.RELEASE\plugins\org.eclipse.m2e.maven.runtime_3.9.900.20250220-2013\jars\maven-repository-metadata-3.9.9.jar
2025-09-04 14:40:27,919 [Worker-5: Launching Executing clean in C__Hospital-management-BackEnd_Hospital-Management-Application_Config-Server] INFO  o.eclipse.m2e.core.internal.Bundles - 	Entry: C:\STS\sts-4.31.0.RELEASE\plugins\org.eclipse.m2e.maven.runtime_3.9.900.20250220-2013\jars\maven-resolver-api-1.9.22.jar
2025-09-04 14:40:27,919 [Worker-5: Launching Executing clean in C__Hospital-management-BackEnd_Hospital-Management-Application_Config-Server] INFO  o.eclipse.m2e.core.internal.Bundles - 	Entry: C:\STS\sts-4.31.0.RELEASE\plugins\org.eclipse.m2e.maven.runtime_3.9.900.20250220-2013\jars\maven-resolver-connector-basic-1.9.22.jar
2025-09-04 14:40:27,919 [Worker-5: Launching Executing clean in C__Hospital-management-BackEnd_Hospital-Management-Application_Config-Server] INFO  o.eclipse.m2e.core.internal.Bundles - 	Entry: C:\STS\sts-4.31.0.RELEASE\plugins\org.eclipse.m2e.maven.runtime_3.9.900.20250220-2013\jars\maven-resolver-impl-1.9.22.jar
2025-09-04 14:40:27,919 [Worker-5: Launching Executing clean in C__Hospital-management-BackEnd_Hospital-Management-Application_Config-Server] INFO  o.eclipse.m2e.core.internal.Bundles - 	Entry: C:\STS\sts-4.31.0.RELEASE\plugins\org.eclipse.m2e.maven.runtime_3.9.900.20250220-2013\jars\maven-resolver-named-locks-1.9.22.jar
2025-09-04 14:40:27,919 [Worker-5: Launching Executing clean in C__Hospital-management-BackEnd_Hospital-Management-Application_Config-Server] INFO  o.eclipse.m2e.core.internal.Bundles - 	Entry: C:\STS\sts-4.31.0.RELEASE\plugins\org.eclipse.m2e.maven.runtime_3.9.900.20250220-2013\jars\maven-resolver-provider-3.9.9.jar
2025-09-04 14:40:27,919 [Worker-5: Launching Executing clean in C__Hospital-management-BackEnd_Hospital-Management-Application_Config-Server] INFO  o.eclipse.m2e.core.internal.Bundles - 	Entry: C:\STS\sts-4.31.0.RELEASE\plugins\org.eclipse.m2e.maven.runtime_3.9.900.20250220-2013\jars\maven-resolver-spi-1.9.22.jar
2025-09-04 14:40:27,920 [Worker-5: Launching Executing clean in C__Hospital-management-BackEnd_Hospital-Management-Application_Config-Server] INFO  o.eclipse.m2e.core.internal.Bundles - 	Entry: C:\STS\sts-4.31.0.RELEASE\plugins\org.eclipse.m2e.maven.runtime_3.9.900.20250220-2013\jars\maven-resolver-transport-file-1.9.22.jar
2025-09-04 14:40:27,920 [Worker-5: Launching Executing clean in C__Hospital-management-BackEnd_Hospital-Management-Application_Config-Server] INFO  o.eclipse.m2e.core.internal.Bundles - 	Entry: C:\STS\sts-4.31.0.RELEASE\plugins\org.eclipse.m2e.maven.runtime_3.9.900.20250220-2013\jars\maven-resolver-transport-http-1.9.22.jar
2025-09-04 14:40:27,920 [Worker-5: Launching Executing clean in C__Hospital-management-BackEnd_Hospital-Management-Application_Config-Server] INFO  o.eclipse.m2e.core.internal.Bundles - 	Entry: C:\STS\sts-4.31.0.RELEASE\plugins\org.eclipse.m2e.maven.runtime_3.9.900.20250220-2013\jars\maven-resolver-transport-wagon-1.9.22.jar
2025-09-04 14:40:27,920 [Worker-5: Launching Executing clean in C__Hospital-management-BackEnd_Hospital-Management-Application_Config-Server] INFO  o.eclipse.m2e.core.internal.Bundles - 	Entry: C:\STS\sts-4.31.0.RELEASE\plugins\org.eclipse.m2e.maven.runtime_3.9.900.20250220-2013\jars\maven-resolver-util-1.9.22.jar
2025-09-04 14:40:27,920 [Worker-5: Launching Executing clean in C__Hospital-management-BackEnd_Hospital-Management-Application_Config-Server] INFO  o.eclipse.m2e.core.internal.Bundles - 	Entry: C:\STS\sts-4.31.0.RELEASE\plugins\org.eclipse.m2e.maven.runtime_3.9.900.20250220-2013\jars\maven-settings-3.9.9.jar
2025-09-04 14:40:27,920 [Worker-5: Launching Executing clean in C__Hospital-management-BackEnd_Hospital-Management-Application_Config-Server] INFO  o.eclipse.m2e.core.internal.Bundles - 	Entry: C:\STS\sts-4.31.0.RELEASE\plugins\org.eclipse.m2e.maven.runtime_3.9.900.20250220-2013\jars\maven-settings-builder-3.9.9.jar
2025-09-04 14:40:27,920 [Worker-5: Launching Executing clean in C__Hospital-management-BackEnd_Hospital-Management-Application_Config-Server] INFO  o.eclipse.m2e.core.internal.Bundles - 	Entry: C:\STS\sts-4.31.0.RELEASE\plugins\org.eclipse.m2e.maven.runtime_3.9.900.20250220-2013\jars\maven-shared-utils-3.4.2.jar
2025-09-04 14:40:27,921 [Worker-5: Launching Executing clean in C__Hospital-management-BackEnd_Hospital-Management-Application_Config-Server] INFO  o.eclipse.m2e.core.internal.Bundles - 	Entry: C:\STS\sts-4.31.0.RELEASE\plugins\org.eclipse.m2e.maven.runtime_3.9.900.20250220-2013\jars\org.eclipse.sisu.inject-0.9.0.M3.jar
2025-09-04 14:40:27,921 [Worker-5: Launching Executing clean in C__Hospital-management-BackEnd_Hospital-Management-Application_Config-Server] INFO  o.eclipse.m2e.core.internal.Bundles - 	Entry: C:\STS\sts-4.31.0.RELEASE\plugins\org.eclipse.m2e.maven.runtime_3.9.900.20250220-2013\jars\org.eclipse.sisu.plexus-0.9.0.M3.jar
2025-09-04 14:40:27,921 [Worker-5: Launching Executing clean in C__Hospital-management-BackEnd_Hospital-Management-Application_Config-Server] INFO  o.eclipse.m2e.core.internal.Bundles - 	Entry: C:\STS\sts-4.31.0.RELEASE\plugins\org.eclipse.m2e.maven.runtime_3.9.900.20250220-2013\jars\plexus-build-api-0.0.7.jar
2025-09-04 14:40:27,921 [Worker-5: Launching Executing clean in C__Hospital-management-BackEnd_Hospital-Management-Application_Config-Server] INFO  o.eclipse.m2e.core.internal.Bundles - 	Entry: C:\STS\sts-4.31.0.RELEASE\plugins\org.eclipse.m2e.maven.runtime_3.9.900.20250220-2013\jars\plexus-build-api-1.2.0.jar
2025-09-04 14:40:27,921 [Worker-5: Launching Executing clean in C__Hospital-management-BackEnd_Hospital-Management-Application_Config-Server] INFO  o.eclipse.m2e.core.internal.Bundles - 	Entry: C:\STS\sts-4.31.0.RELEASE\plugins\org.eclipse.m2e.maven.runtime_3.9.900.20250220-2013\jars\plexus-cipher-2.0.jar
2025-09-04 14:40:27,921 [Worker-5: Launching Executing clean in C__Hospital-management-BackEnd_Hospital-Management-Application_Config-Server] INFO  o.eclipse.m2e.core.internal.Bundles - 	Entry: C:\STS\sts-4.31.0.RELEASE\plugins\org.eclipse.m2e.maven.runtime_3.9.900.20250220-2013\jars\plexus-classworlds-2.8.0.jar
2025-09-04 14:40:27,922 [Worker-5: Launching Executing clean in C__Hospital-management-BackEnd_Hospital-Management-Application_Config-Server] INFO  o.eclipse.m2e.core.internal.Bundles - 	Entry: C:\STS\sts-4.31.0.RELEASE\plugins\org.eclipse.m2e.maven.runtime_3.9.900.20250220-2013\jars\plexus-component-annotations-2.1.0.jar
2025-09-04 14:40:27,922 [Worker-5: Launching Executing clean in C__Hospital-management-BackEnd_Hospital-Management-Application_Config-Server] INFO  o.eclipse.m2e.core.internal.Bundles - 	Entry: C:\STS\sts-4.31.0.RELEASE\plugins\org.eclipse.m2e.maven.runtime_3.9.900.20250220-2013\jars\plexus-interpolation-1.27.jar
2025-09-04 14:40:27,922 [Worker-5: Launching Executing clean in C__Hospital-management-BackEnd_Hospital-Management-Application_Config-Server] INFO  o.eclipse.m2e.core.internal.Bundles - 	Entry: C:\STS\sts-4.31.0.RELEASE\plugins\org.eclipse.m2e.maven.runtime_3.9.900.20250220-2013\jars\plexus-sec-dispatcher-2.0.jar
2025-09-04 14:40:27,922 [Worker-5: Launching Executing clean in C__Hospital-management-BackEnd_Hospital-Management-Application_Config-Server] INFO  o.eclipse.m2e.core.internal.Bundles - 	Entry: C:\STS\sts-4.31.0.RELEASE\plugins\org.eclipse.m2e.maven.runtime_3.9.900.20250220-2013\jars\plexus-utils-3.5.1.jar
2025-09-04 14:40:27,922 [Worker-5: Launching Executing clean in C__Hospital-management-BackEnd_Hospital-Management-Application_Config-Server] INFO  o.eclipse.m2e.core.internal.Bundles - 	Entry: C:\STS\sts-4.31.0.RELEASE\plugins\org.eclipse.m2e.maven.runtime_3.9.900.20250220-2013\jars\plexus-xml-3.0.1.jar
2025-09-04 14:40:27,922 [Worker-5: Launching Executing clean in C__Hospital-management-BackEnd_Hospital-Management-Application_Config-Server] INFO  o.eclipse.m2e.core.internal.Bundles - 	Entry: C:\STS\sts-4.31.0.RELEASE\plugins\org.eclipse.m2e.maven.runtime_3.9.900.20250220-2013\jars\wagon-file-3.5.3.jar
2025-09-04 14:40:27,922 [Worker-5: Launching Executing clean in C__Hospital-management-BackEnd_Hospital-Management-Application_Config-Server] INFO  o.eclipse.m2e.core.internal.Bundles - 	Entry: C:\STS\sts-4.31.0.RELEASE\plugins\org.eclipse.m2e.maven.runtime_3.9.900.20250220-2013\jars\wagon-http-3.5.3.jar
2025-09-04 14:40:27,923 [Worker-5: Launching Executing clean in C__Hospital-management-BackEnd_Hospital-Management-Application_Config-Server] INFO  o.eclipse.m2e.core.internal.Bundles - 	Entry: C:\STS\sts-4.31.0.RELEASE\plugins\org.eclipse.m2e.maven.runtime_3.9.900.20250220-2013\jars\wagon-http-shared-3.5.3.jar
2025-09-04 14:40:27,923 [Worker-5: Launching Executing clean in C__Hospital-management-BackEnd_Hospital-Management-Application_Config-Server] INFO  o.eclipse.m2e.core.internal.Bundles - 	Entry: C:\STS\sts-4.31.0.RELEASE\plugins\org.eclipse.m2e.maven.runtime_3.9.900.20250220-2013\jars\wagon-provider-api-3.5.3.jar
2025-09-04 14:40:27,925 [Worker-5: Launching Executing clean in C__Hospital-management-BackEnd_Hospital-Management-Application_Config-Server] INFO  o.eclipse.m2e.core.internal.Bundles - getClasspathEntries(Bundle=com.google.guava_33.4.8.jre [31])
2025-09-04 14:40:27,926 [Worker-5: Launching Executing clean in C__Hospital-management-BackEnd_Hospital-Management-Application_Config-Server] INFO  o.eclipse.m2e.core.internal.Bundles - 	Entry: C:\STS\sts-4.31.0.RELEASE\plugins\com.google.guava_33.4.8.jre.jar
2025-09-04 14:40:27,926 [Worker-5: Launching Executing clean in C__Hospital-management-BackEnd_Hospital-Management-Application_Config-Server] INFO  o.eclipse.m2e.core.internal.Bundles - getClasspathEntries(Bundle=slf4j.api_2.0.17 [613])
2025-09-04 14:40:27,928 [Worker-5: Launching Executing clean in C__Hospital-management-BackEnd_Hospital-Management-Application_Config-Server] INFO  o.eclipse.m2e.core.internal.Bundles - 	Entry: C:\STS\sts-4.31.0.RELEASE\plugins\slf4j.api_2.0.17.jar
2025-09-04 14:40:27,928 [Worker-5: Launching Executing clean in C__Hospital-management-BackEnd_Hospital-Management-Application_Config-Server] INFO  o.eclipse.m2e.core.internal.Bundles - getClasspathEntries(Bundle=jakarta.inject.jakarta.inject-api_1.0.5 [46])
2025-09-04 14:40:27,928 [Worker-5: Launching Executing clean in C__Hospital-management-BackEnd_Hospital-Management-Application_Config-Server] INFO  o.eclipse.m2e.core.internal.Bundles - 	Entry: C:\STS\sts-4.31.0.RELEASE\plugins\jakarta.inject.jakarta.inject-api_1.0.5.jar
2025-09-04 14:40:27,928 [Worker-5: Launching Executing clean in C__Hospital-management-BackEnd_Hospital-Management-Application_Config-Server] INFO  o.eclipse.m2e.core.internal.Bundles - getClasspathEntries(Bundle=javax.annotation_1.3.5.v20200909-1856 [55])
2025-09-04 14:40:27,929 [Worker-5: Launching Executing clean in C__Hospital-management-BackEnd_Hospital-Management-Application_Config-Server] INFO  o.eclipse.m2e.core.internal.Bundles - 	Entry: C:\STS\sts-4.31.0.RELEASE\plugins\javax.annotation_1.3.5.v20200909-1856.jar
2025-09-04 14:40:27,929 [Worker-5: Launching Executing clean in C__Hospital-management-BackEnd_Hospital-Management-Application_Config-Server] INFO  o.eclipse.m2e.core.internal.Bundles - getClasspathEntries(Bundle=org.apache.commons.cli_1.9.0 [79])
2025-09-04 14:40:27,930 [Worker-5: Launching Executing clean in C__Hospital-management-BackEnd_Hospital-Management-Application_Config-Server] INFO  o.eclipse.m2e.core.internal.Bundles - 	Entry: C:\STS\sts-4.31.0.RELEASE\plugins\org.apache.commons.cli_1.9.0.jar
2025-09-04 14:40:27,930 [Worker-5: Launching Executing clean in C__Hospital-management-BackEnd_Hospital-Management-Application_Config-Server] INFO  o.eclipse.m2e.core.internal.Bundles - getClasspathEntries(Bundle=org.apache.commons.commons-codec_1.16.0 [81])
2025-09-04 14:40:27,930 [Worker-5: Launching Executing clean in C__Hospital-management-BackEnd_Hospital-Management-Application_Config-Server] INFO  o.eclipse.m2e.core.internal.Bundles - 	Entry: C:\STS\sts-4.31.0.RELEASE\plugins\org.apache.commons.commons-codec_1.16.0.jar
2025-09-04 14:40:27,930 [Worker-5: Launching Executing clean in C__Hospital-management-BackEnd_Hospital-Management-Application_Config-Server] INFO  o.eclipse.m2e.core.internal.Bundles - getClasspathEntries(Bundle=com.google.guava.failureaccess_1.0.3 [32])
2025-09-04 14:40:27,931 [Worker-5: Launching Executing clean in C__Hospital-management-BackEnd_Hospital-Management-Application_Config-Server] INFO  o.eclipse.m2e.core.internal.Bundles - 	Entry: C:\STS\sts-4.31.0.RELEASE\plugins\com.google.guava.failureaccess_1.0.3.jar
2025-09-04 14:40:27,936 [Worker-5: Launching Executing clean in C__Hospital-management-BackEnd_Hospital-Management-Application_Config-Server] INFO  o.e.m.i.launch.MavenLaunchDelegate - Run build in "C:\Hospital-management-BackEnd\Hospital-Management-Application\Config-Server":
2025-09-04 14:40:27,937 [Worker-5: Launching Executing clean in C__Hospital-management-BackEnd_Hospital-Management-Application_Config-Server] INFO  o.e.m.i.launch.MavenLaunchDelegate -  mvn  -B -Dstyle.color=always clean
2025-09-04 14:40:30,483 [Worker-5: Building] INFO  o.a.m.s.f.DefaultMavenResourcesFiltering - Copying 1 resource from src\main\resources to target\classes
2025-09-04 14:40:30,486 [Worker-5: Building] INFO  o.a.m.s.f.DefaultMavenResourcesFiltering - Copying 0 resource from src\main\resources to target\classes
2025-09-04 14:40:30,488 [Worker-5: Building] INFO  o.a.m.s.f.DefaultMavenResourcesFiltering - skip non existing resourceDirectory C:\Hospital-management-BackEnd\Hospital-Management-Application\Config-Server\src\test\resources
2025-09-04 14:41:36,437 [Worker-10: Building] INFO  o.a.m.s.f.DefaultMavenResourcesFiltering - Copying 1 resource from src\main\resources to target\classes
2025-09-04 14:41:36,440 [Worker-10: Building] INFO  o.a.m.s.f.DefaultMavenResourcesFiltering - Copying 0 resource from src\main\resources to target\classes
2025-09-04 14:41:36,443 [Worker-10: Building] INFO  o.a.m.s.f.DefaultMavenResourcesFiltering - skip non existing resourceDirectory C:\Hospital-management-BackEnd\Hospital-Management-Application\API-GateWay\src\test\resources
2025-09-04 14:41:36,695 [Worker-10: Building] INFO  o.a.m.s.f.DefaultMavenResourcesFiltering - Copying 1 resource from src\main\resources to target\classes
2025-09-04 14:41:36,698 [Worker-10: Building] INFO  o.a.m.s.f.DefaultMavenResourcesFiltering - Copying 0 resource from src\main\resources to target\classes
2025-09-04 14:41:36,701 [Worker-10: Building] INFO  o.a.m.s.f.DefaultMavenResourcesFiltering - skip non existing resourceDirectory C:\Hospital-management-BackEnd\Hospital-Management-Application\Appointment-Service\src\test\resources
2025-09-04 14:41:36,803 [Worker-10: Building] INFO  o.a.m.s.f.DefaultMavenResourcesFiltering - Copying 1 resource from src\main\resources to target\classes
2025-09-04 14:41:36,805 [Worker-10: Building] INFO  o.a.m.s.f.DefaultMavenResourcesFiltering - Copying 0 resource from src\main\resources to target\classes
2025-09-04 14:41:36,808 [Worker-10: Building] INFO  o.a.m.s.f.DefaultMavenResourcesFiltering - skip non existing resourceDirectory C:\Hospital-management-BackEnd\Hospital-Management-Application\Config-Server\src\test\resources
2025-09-04 14:41:36,911 [Worker-10: Building] INFO  o.a.m.s.f.DefaultMavenResourcesFiltering - Copying 1 resource from src\main\resources to target\classes
2025-09-04 14:41:36,913 [Worker-10: Building] INFO  o.a.m.s.f.DefaultMavenResourcesFiltering - Copying 0 resource from src\main\resources to target\classes
2025-09-04 14:41:36,916 [Worker-10: Building] INFO  o.a.m.s.f.DefaultMavenResourcesFiltering - skip non existing resourceDirectory C:\Hospital-management-BackEnd\Hospital-Management-Application\DiscoveryServices\src\test\resources
2025-09-04 14:41:37,131 [Worker-10: Building] INFO  o.a.m.s.f.DefaultMavenResourcesFiltering - Copying 1 resource from src\main\resources to target\classes
2025-09-04 14:41:37,134 [Worker-10: Building] INFO  o.a.m.s.f.DefaultMavenResourcesFiltering - Copying 0 resource from src\main\resources to target\classes
2025-09-04 14:41:37,137 [Worker-10: Building] INFO  o.a.m.s.f.DefaultMavenResourcesFiltering - skip non existing resourceDirectory C:\Hospital-management-BackEnd\Hospital-Management-Application\Doctor-Service\src\test\resources
2025-09-04 14:41:37,351 [Worker-10: Building] INFO  o.a.m.s.f.DefaultMavenResourcesFiltering - Copying 1 resource from src\main\resources to target\classes
2025-09-04 14:41:37,354 [Worker-10: Building] INFO  o.a.m.s.f.DefaultMavenResourcesFiltering - Copying 0 resource from src\main\resources to target\classes
2025-09-04 14:41:37,357 [Worker-10: Building] INFO  o.a.m.s.f.DefaultMavenResourcesFiltering - skip non existing resourceDirectory C:\Hospital-management-BackEnd\Hospital-Management-Application\Email-Service\src\test\resources
2025-09-04 14:41:37,545 [Worker-10: Building] INFO  o.a.m.s.f.DefaultMavenResourcesFiltering - Copying 1 resource from src\main\resources to target\classes
2025-09-04 14:41:37,548 [Worker-10: Building] INFO  o.a.m.s.f.DefaultMavenResourcesFiltering - Copying 0 resource from src\main\resources to target\classes
2025-09-04 14:41:37,552 [Worker-10: Building] INFO  o.a.m.s.f.DefaultMavenResourcesFiltering - skip non existing resourceDirectory C:\Hospital-management-BackEnd\Hospital-Management-Application\MedicalRecords-Service\src\test\resources
2025-09-04 14:41:37,682 [Worker-10: Building] INFO  o.a.m.s.f.DefaultMavenResourcesFiltering - Copying 1 resource from src\main\resources to target\classes
2025-09-04 14:41:37,684 [Worker-10: Building] INFO  o.a.m.s.f.DefaultMavenResourcesFiltering - Copying 0 resource from src\main\resources to target\classes
2025-09-04 14:41:37,687 [Worker-10: Building] INFO  o.a.m.s.f.DefaultMavenResourcesFiltering - skip non existing resourceDirectory C:\Hospital-management-BackEnd\Hospital-Management-Application\Patience-Service\src\test\resources
2025-09-04 14:41:37,853 [Worker-10: Building] INFO  o.a.m.s.f.DefaultMavenResourcesFiltering - Copying 1 resource from src\main\resources to target\classes
2025-09-04 14:41:37,856 [Worker-10: Building] INFO  o.a.m.s.f.DefaultMavenResourcesFiltering - Copying 0 resource from src\main\resources to target\classes
2025-09-04 14:41:37,858 [Worker-10: Building] INFO  o.a.m.s.f.DefaultMavenResourcesFiltering - skip non existing resourceDirectory C:\Hospital-management-BackEnd\Hospital-Management-Application\Payment-Service\src\test\resources
2025-09-04 14:41:38,156 [Worker-10: Building] INFO  o.a.m.s.f.DefaultMavenResourcesFiltering - Copying 1 resource from src\main\resources to target\classes
2025-09-04 14:41:38,160 [Worker-10: Building] INFO  o.a.m.s.f.DefaultMavenResourcesFiltering - Copying 0 resource from src\main\resources to target\classes
2025-09-04 14:41:38,163 [Worker-10: Building] INFO  o.a.m.s.f.DefaultMavenResourcesFiltering - skip non existing resourceDirectory C:\Hospital-management-BackEnd\Hospital-Management-Application\UserAuth-Server\src\test\resources
2025-09-04 14:52:58,881 [Worker-9: Building] INFO  o.a.m.s.f.DefaultMavenResourcesFiltering - Copying 1 resource from src\main\resources to target\classes
2025-09-04 14:52:58,928 [Worker-9: Building] INFO  o.a.m.s.f.DefaultMavenResourcesFiltering - Copying 0 resource from src\main\resources to target\classes
2025-09-04 14:52:58,932 [Worker-9: Building] INFO  o.a.m.s.f.DefaultMavenResourcesFiltering - skip non existing resourceDirectory C:\Hospital-management-BackEnd\Hospital-Management-Application\Config-Server\src\test\resources
2025-09-04 14:53:19,336 [Worker-8: Building] INFO  o.a.m.s.f.DefaultMavenResourcesFiltering - Copying 1 resource from src\main\resources to target\classes
2025-09-04 14:53:19,360 [Worker-8: Building] INFO  o.a.m.s.f.DefaultMavenResourcesFiltering - Copying 0 resource from src\main\resources to target\classes
2025-09-04 14:53:19,376 [Worker-8: Building] INFO  o.a.m.s.f.DefaultMavenResourcesFiltering - skip non existing resourceDirectory C:\Hospital-management-BackEnd\Hospital-Management-Application\Appointment-Service\src\test\resources
2025-09-04 14:53:32,403 [Worker-0: Building] INFO  o.a.m.s.f.DefaultMavenResourcesFiltering - Copying 1 resource from src\main\resources to target\classes
2025-09-04 14:53:32,418 [Worker-0: Building] INFO  o.a.m.s.f.DefaultMavenResourcesFiltering - Copying 0 resource from src\main\resources to target\classes
2025-09-04 14:53:32,420 [Worker-0: Building] INFO  o.a.m.s.f.DefaultMavenResourcesFiltering - skip non existing resourceDirectory C:\Hospital-management-BackEnd\Hospital-Management-Application\MedicalRecords-Service\src\test\resources
2025-09-04 14:53:40,909 [Worker-12: Building] INFO  o.a.m.s.f.DefaultMavenResourcesFiltering - Copying 1 resource from src\main\resources to target\classes
2025-09-04 14:53:40,917 [Worker-12: Building] INFO  o.a.m.s.f.DefaultMavenResourcesFiltering - Copying 0 resource from src\main\resources to target\classes
2025-09-04 14:53:40,918 [Worker-12: Building] INFO  o.a.m.s.f.DefaultMavenResourcesFiltering - skip non existing resourceDirectory C:\Hospital-management-BackEnd\Hospital-Management-Application\Payment-Service\src\test\resources
2025-09-04 14:53:49,605 [Worker-8: Building] INFO  o.a.m.s.f.DefaultMavenResourcesFiltering - Copying 1 resource from src\main\resources to target\classes
2025-09-04 14:53:49,615 [Worker-8: Building] INFO  o.a.m.s.f.DefaultMavenResourcesFiltering - Copying 0 resource from src\main\resources to target\classes
2025-09-04 14:53:49,618 [Worker-8: Building] INFO  o.a.m.s.f.DefaultMavenResourcesFiltering - skip non existing resourceDirectory C:\Hospital-management-BackEnd\Hospital-Management-Application\API-GateWay\src\test\resources
2025-09-04 14:54:01,371 [Worker-10: Building] INFO  o.a.m.s.f.DefaultMavenResourcesFiltering - Copying 1 resource from src\main\resources to target\classes
2025-09-04 14:54:01,377 [Worker-10: Building] INFO  o.a.m.s.f.DefaultMavenResourcesFiltering - Copying 0 resource from src\main\resources to target\classes
2025-09-04 14:54:01,381 [Worker-10: Building] INFO  o.a.m.s.f.DefaultMavenResourcesFiltering - skip non existing resourceDirectory C:\Hospital-management-BackEnd\Hospital-Management-Application\Email-Service\src\test\resources
2025-09-04 14:54:33,603 [Worker-9: Building] INFO  o.a.m.s.f.DefaultMavenResourcesFiltering - Copying 1 resource from src\main\resources to target\classes
2025-09-04 14:54:33,614 [Worker-9: Building] INFO  o.a.m.s.f.DefaultMavenResourcesFiltering - Copying 0 resource from src\main\resources to target\classes
2025-09-04 14:54:33,618 [Worker-9: Building] INFO  o.a.m.s.f.DefaultMavenResourcesFiltering - skip non existing resourceDirectory C:\Hospital-management-BackEnd\Hospital-Management-Application\Doctor-Service\src\test\resources
2025-09-04 14:54:50,002 [Worker-2: Building] INFO  o.a.m.s.f.DefaultMavenResourcesFiltering - Copying 1 resource from src\main\resources to target\classes
2025-09-04 14:54:50,013 [Worker-2: Building] INFO  o.a.m.s.f.DefaultMavenResourcesFiltering - Copying 0 resource from src\main\resources to target\classes
2025-09-04 14:54:50,017 [Worker-2: Building] INFO  o.a.m.s.f.DefaultMavenResourcesFiltering - skip non existing resourceDirectory C:\Hospital-management-BackEnd\Hospital-Management-Application\Patience-Service\src\test\resources
2025-09-04 14:56:51,522 [Worker-0: Building] INFO  o.a.m.s.f.DefaultMavenResourcesFiltering - Copying 1 resource from src\main\resources to target\classes
2025-09-04 14:56:51,538 [Worker-0: Building] INFO  o.a.m.s.f.DefaultMavenResourcesFiltering - Copying 0 resource from src\main\resources to target\classes
2025-09-04 14:56:51,543 [Worker-0: Building] INFO  o.a.m.s.f.DefaultMavenResourcesFiltering - skip non existing resourceDirectory C:\Hospital-management-BackEnd\Hospital-Management-Application\UserAuth-Server\src\test\resources
2025-09-04 15:04:29,461 [Worker-5: Building] INFO  o.a.m.s.f.DefaultMavenResourcesFiltering - Copying 1 resource from src\main\resources to target\classes
2025-09-04 15:04:29,611 [Worker-5: Building] INFO  o.a.m.s.f.DefaultMavenResourcesFiltering - Copying 0 resource from src\main\resources to target\classes
2025-09-04 15:04:29,655 [Worker-5: Building] INFO  o.a.m.s.f.DefaultMavenResourcesFiltering - skip non existing resourceDirectory C:\Hospital-management-BackEnd\Hospital-Management-Application\API-GateWay\src\test\resources
2025-09-04 15:05:34,893 [Worker-10: Building] INFO  o.a.m.s.f.DefaultMavenResourcesFiltering - Copying 1 resource from src\main\resources to target\classes
2025-09-04 15:05:34,897 [Worker-10: Building] INFO  o.a.m.s.f.DefaultMavenResourcesFiltering - Copying 0 resource from src\main\resources to target\classes
2025-09-04 15:05:34,905 [Worker-10: Building] INFO  o.a.m.s.f.DefaultMavenResourcesFiltering - skip non existing resourceDirectory C:\Hospital-management-BackEnd\Hospital-Management-Application\API-GateWay\src\test\resources
2025-09-04 15:05:35,368 [Worker-10: Building] INFO  o.a.m.s.f.DefaultMavenResourcesFiltering - Copying 1 resource from src\main\resources to target\classes
2025-09-04 15:05:35,372 [Worker-10: Building] INFO  o.a.m.s.f.DefaultMavenResourcesFiltering - Copying 0 resource from src\main\resources to target\classes
2025-09-04 15:05:35,379 [Worker-10: Building] INFO  o.a.m.s.f.DefaultMavenResourcesFiltering - skip non existing resourceDirectory C:\Hospital-management-BackEnd\Hospital-Management-Application\Appointment-Service\src\test\resources
2025-09-04 15:05:35,634 [Worker-10: Building] INFO  o.a.m.s.f.DefaultMavenResourcesFiltering - Copying 1 resource from src\main\resources to target\classes
2025-09-04 15:05:35,637 [Worker-10: Building] INFO  o.a.m.s.f.DefaultMavenResourcesFiltering - Copying 0 resource from src\main\resources to target\classes
2025-09-04 15:05:35,641 [Worker-10: Building] INFO  o.a.m.s.f.DefaultMavenResourcesFiltering - skip non existing resourceDirectory C:\Hospital-management-BackEnd\Hospital-Management-Application\Config-Server\src\test\resources
2025-09-04 15:05:35,916 [Worker-10: Building] INFO  o.a.m.s.f.DefaultMavenResourcesFiltering - Copying 1 resource from src\main\resources to target\classes
2025-09-04 15:05:35,920 [Worker-10: Building] INFO  o.a.m.s.f.DefaultMavenResourcesFiltering - Copying 0 resource from src\main\resources to target\classes
2025-09-04 15:05:35,927 [Worker-10: Building] INFO  o.a.m.s.f.DefaultMavenResourcesFiltering - skip non existing resourceDirectory C:\Hospital-management-BackEnd\Hospital-Management-Application\DiscoveryServices\src\test\resources
2025-09-04 15:05:36,364 [Worker-10: Building] INFO  o.a.m.s.f.DefaultMavenResourcesFiltering - Copying 1 resource from src\main\resources to target\classes
2025-09-04 15:05:36,369 [Worker-10: Building] INFO  o.a.m.s.f.DefaultMavenResourcesFiltering - Copying 0 resource from src\main\resources to target\classes
2025-09-04 15:05:36,376 [Worker-10: Building] INFO  o.a.m.s.f.DefaultMavenResourcesFiltering - skip non existing resourceDirectory C:\Hospital-management-BackEnd\Hospital-Management-Application\Doctor-Service\src\test\resources
2025-09-04 15:05:36,678 [Worker-10: Building] INFO  o.a.m.s.f.DefaultMavenResourcesFiltering - Copying 1 resource from src\main\resources to target\classes
2025-09-04 15:05:36,683 [Worker-10: Building] INFO  o.a.m.s.f.DefaultMavenResourcesFiltering - Copying 0 resource from src\main\resources to target\classes
2025-09-04 15:05:36,689 [Worker-10: Building] INFO  o.a.m.s.f.DefaultMavenResourcesFiltering - skip non existing resourceDirectory C:\Hospital-management-BackEnd\Hospital-Management-Application\Email-Service\src\test\resources
2025-09-04 15:05:36,919 [Worker-10: Building] INFO  o.a.m.s.f.DefaultMavenResourcesFiltering - Copying 1 resource from src\main\resources to target\classes
2025-09-04 15:05:36,924 [Worker-10: Building] INFO  o.a.m.s.f.DefaultMavenResourcesFiltering - Copying 0 resource from src\main\resources to target\classes
2025-09-04 15:05:36,929 [Worker-10: Building] INFO  o.a.m.s.f.DefaultMavenResourcesFiltering - skip non existing resourceDirectory C:\Hospital-management-BackEnd\Hospital-Management-Application\MedicalRecords-Service\src\test\resources
2025-09-04 15:05:37,203 [Worker-10: Building] INFO  o.a.m.s.f.DefaultMavenResourcesFiltering - Copying 1 resource from src\main\resources to target\classes
2025-09-04 15:05:37,211 [Worker-10: Building] INFO  o.a.m.s.f.DefaultMavenResourcesFiltering - Copying 0 resource from src\main\resources to target\classes
2025-09-04 15:05:37,216 [Worker-10: Building] INFO  o.a.m.s.f.DefaultMavenResourcesFiltering - skip non existing resourceDirectory C:\Hospital-management-BackEnd\Hospital-Management-Application\Patience-Service\src\test\resources
2025-09-04 15:05:37,529 [Worker-10: Building] INFO  o.a.m.s.f.DefaultMavenResourcesFiltering - Copying 1 resource from src\main\resources to target\classes
2025-09-04 15:05:37,532 [Worker-10: Building] INFO  o.a.m.s.f.DefaultMavenResourcesFiltering - Copying 0 resource from src\main\resources to target\classes
2025-09-04 15:05:37,537 [Worker-10: Building] INFO  o.a.m.s.f.DefaultMavenResourcesFiltering - skip non existing resourceDirectory C:\Hospital-management-BackEnd\Hospital-Management-Application\Payment-Service\src\test\resources
2025-09-04 15:05:38,051 [Worker-10: Building] INFO  o.a.m.s.f.DefaultMavenResourcesFiltering - Copying 1 resource from src\main\resources to target\classes
2025-09-04 15:05:38,054 [Worker-10: Building] INFO  o.a.m.s.f.DefaultMavenResourcesFiltering - Copying 0 resource from src\main\resources to target\classes
2025-09-04 15:05:38,060 [Worker-10: Building] INFO  o.a.m.s.f.DefaultMavenResourcesFiltering - skip non existing resourceDirectory C:\Hospital-management-BackEnd\Hospital-Management-Application\UserAuth-Server\src\test\resources
2025-09-04 15:13:38,469 [Worker-0: Building] INFO  o.a.m.s.f.DefaultMavenResourcesFiltering - Copying 1 resource from src\main\resources to target\classes
2025-09-04 15:13:38,494 [Worker-0: Building] INFO  o.a.m.s.f.DefaultMavenResourcesFiltering - Copying 0 resource from src\main\resources to target\classes
2025-09-04 15:13:38,498 [Worker-0: Building] INFO  o.a.m.s.f.DefaultMavenResourcesFiltering - skip non existing resourceDirectory C:\Hospital-management-BackEnd\Hospital-Management-Application\Doctor-Service\src\test\resources
